<?xml version="1.0" encoding="UTF-8"?>
<!-- Generated by org.testng.reporters.JUnitReportReporter -->
<testsuite hostname="AnuragPC" failures="0" tests="3" name="tesNGtopic.LearningInvocationcount" time="121.643" errors="0" timestamp="2024-07-11T07:29:13 IST" skipped="0">
  <testcase classname="tesNGtopic.LearningInvocationcount" name="script" time="37.305"/>
  <testcase classname="tesNGtopic.LearningInvocationcount" name="script" time="21.237"/>
  <testcase classname="tesNGtopic.LearningInvocationcount" name="script" time="63.101"/>
</testsuite> <!-- tesNGtopic.LearningInvocationcount -->
