<?xml version="1.0" encoding="UTF-8"?>
<!-- Generated by org.testng.reporters.JUnitReportReporter -->
<testsuite hostname="AnuragPC" failures="0" tests="1" name="script_Vtiger.Script6" time="32.807" errors="0" timestamp="2024-07-19T22:31:39 IST" skipped="0">
  <testcase classname="script_Vtiger.Script6" name="script6" time="32.807">
    <system-out>
      <![CDATA[test execution statred
test script passed]]>
    </system-out>
  </testcase> <!-- script6 -->
  <system-out>
    <![CDATA[Report generation
test execution statred
test script passed
report close]]>
  </system-out>
</testsuite> <!-- script_Vtiger.Script6 -->
