<?xml version="1.0" encoding="UTF-8"?>
<!-- Generated by org.testng.reporters.JUnitReportReporter -->
<testsuite hostname="AnuragPC" failures="0" tests="1" name="tesNGtopic.LearningCrossBrowser" time="12.729" errors="0" timestamp="2024-07-12T08:16:36 IST" skipped="0">
  <testcase classname="tesNGtopic.LearningCrossBrowser" name="script" time="12.729"/>
</testsuite> <!-- tesNGtopic.LearningCrossBrowser -->
