<?xml version="1.0" encoding="UTF-8"?>
<!-- Generated by org.testng.reporters.JUnitReportReporter -->
<testsuite hostname="AnuragPC" failures="0" tests="3" name="tesNGtopic.Demo" time="0.070" errors="0" timestamp="2024-07-08T08:31:39 IST" skipped="0">
  <testcase classname="tesNGtopic.Demo" name="login" time="0.061"/>
  <system-out>
user has login to appn  </system-out>
  <testcase classname="tesNGtopic.Demo" name="addtocart" time="0.004"/>
  <system-out>
user has added to cart  </system-out>
  <testcase classname="tesNGtopic.Demo" name="logoutt" time="0.005"/>
  <system-out>
user has logout the appn  </system-out>
</testsuite> <!-- tesNGtopic.Demo -->
