<?xml version="1.0" encoding="UTF-8"?>
<!-- Generated by org.testng.reporters.JUnitReportReporter -->
<testsuite hostname="AnuragPC" failures="0" tests="2" name="tesNGtopic.DataProviderProgram" time="0.019" errors="0" timestamp="2024-07-13T07:50:43 IST" skipped="0">
  <testcase classname="tesNGtopic.DataProviderProgram" name="details" time="0.002">
    <system-out>
      <![CDATA[anurag@gmail.com
O+
anurag]]>
    </system-out>
  </testcase> <!-- details -->
  <testcase classname="tesNGtopic.DataProviderProgram" name="details" time="0.017">
    <system-out>
      <![CDATA[bhagyashree@gmail.com
A+
bhagyashree]]>
    </system-out>
  </testcase> <!-- details -->
  <system-out>
    <![CDATA[bhagyashree@gmail.com
A+
bhagyashree
anurag@gmail.com
O+
anurag]]>
  </system-out>
</testsuite> <!-- tesNGtopic.DataProviderProgram -->
