<?xml version="1.0" encoding="UTF-8"?>
<!-- Generated by org.testng.reporters.JUnitReportReporter -->
<testsuite hostname="AnuragPC" failures="0" tests="1" name="script_Vtiger.Script4" time="30.141" errors="0" timestamp="2024-07-11T22:09:12 IST" skipped="0">
  <testcase classname="script_Vtiger.Script4" name="script4" time="30.141"/>
  <system-out>
    <![CDATA[Report generation
report close]]>
  </system-out>
</testsuite> <!-- script_Vtiger.Script4 -->
