<?xml version="1.0" encoding="UTF-8"?>
<!-- Generated by org.testng.reporters.JUnitReportReporter -->
<testsuite hostname="AnuragPC" failures="0" tests="1" name="script_Vtiger.Script1_Test" time="29.070" errors="0" timestamp="2024-07-18T08:23:07 IST" skipped="0">
  <testcase classname="script_Vtiger.Script1_Test" name="script1" time="29.070">
    <system-out>
      <![CDATA[test execution statred
test script passed]]>
    </system-out>
  </testcase> <!-- script1 -->
  <system-out>
    <![CDATA[Report generation
test execution statred
test script passed
report close]]>
  </system-out>
</testsuite> <!-- script_Vtiger.Script1_Test -->
