<?xml version="1.0" encoding="UTF-8"?>
<!-- Generated by org.testng.reporters.JUnitReportReporter -->
<testsuite hostname="AnuragPC" failures="0" tests="2" name="tesNGtopic.LearningThreadPoolSize" time="39.133" errors="0" timestamp="2024-07-09T07:51:11 IST" skipped="0">
  <testcase classname="tesNGtopic.LearningThreadPoolSize" name="script" time="19.917"/>
  <system-out/>
  <testcase classname="tesNGtopic.LearningThreadPoolSize" name="script" time="19.216"/>
  <system-out/>
</testsuite> <!-- tesNGtopic.LearningThreadPoolSize -->
